# JRE version: OpenJDK Runtime Environment (24.0.2+12) (build 24.0.2+12-54)
# Java VM: OpenJDK 64-Bit Server VM (24.0.2+12-54, mixed mode, emulated-client, sharing, tiered, compressed oops, compressed class ptrs, g1 gc, windows-amd64)
GC Precious Log:
 CardTable entry size: 512
 Card Set container configuration: InlinePtr #cards 5 size 8 Array Of Cards #cards 10 size 36 Howl #buckets 4 coarsen threshold 1843 Howl Bitmap #cards 512 size 80 coarsen threshold 460 Card regions per heap region 1 cards per card region 2048
 CPUs: 8 total, 8 available
 Memory: 7930M
 Large Page Support: Disabled
 NUMA Support: Disabled
 Compressed Oops: Enabled (32-bit)
 Heap Region Size: 1M
 Heap Min Capacity: 8M
 Heap Initial Capacity: 124M
 Heap Max Capacity: 1984M
 Pre-touch: Disabled
 Parallel Workers: 8
 Concurrent Workers: 2
 Concurrent Refinement Workers: 8
 Periodic GC: Disabled
Heap:
 garbage-first heap   total reserved 2031616K, committed 73728K, used 52185K [0x0000000084000000, 0x0000000100000000)
  region size 1024K, 16 young (16384K), 2 survivors (2048K)
 Metaspace       used 76920K, committed 77440K, reserved 1179648K
  class space    used 8755K, committed 8960K, reserved 1048576K
GC Heap History (20 events):
Event: 3.711 GC heap before
{Heap before GC invocations=5 (full 0):
 garbage-first heap   total reserved 2031616K, committed 61440K, used 46889K [0x0000000084000000, 0x0000000100000000)
  region size 1024K, 24 young (24576K), 3 survivors (3072K)
 Metaspace       used 31111K, committed 31488K, reserved 1114112K
  class space    used 3434K, committed 3584K, reserved 1048576K
}
Event: 3.718 GC heap after
{Heap after GC invocations=6 (full 0):
 garbage-first heap   total reserved 2031616K, committed 61440K, used 27041K [0x0000000084000000, 0x0000000100000000)
  region size 1024K, 2 young (2048K), 2 survivors (2048K)
 Metaspace       used 31111K, committed 31488K, reserved 1114112K
  class space    used 3434K, committed 3584K, reserved 1048576K
}
Event: 4.080 GC heap before
{Heap before GC invocations=6 (full 0):
 garbage-first heap   total reserved 2031616K, committed 61440K, used 49569K [0x0000000084000000, 0x0000000100000000)
  region size 1024K, 24 young (24576K), 2 survivors (2048K)
 Metaspace       used 33672K, committed 34112K, reserved 1114112K
  class space    used 3810K, committed 3968K, reserved 1048576K
}
Event: 4.086 GC heap after
{Heap after GC invocations=7 (full 0):
 garbage-first heap   total reserved 2031616K, committed 61440K, used 28817K [0x0000000084000000, 0x0000000100000000)
  region size 1024K, 2 young (2048K), 2 survivors (2048K)
 Metaspace       used 33672K, committed 34112K, reserved 1114112K
  class space    used 3810K, committed 3968K, reserved 1048576K
}
Event: 4.356 GC heap before
{Heap before GC invocations=7 (full 0):
 garbage-first heap   total reserved 2031616K, committed 61440K, used 41105K [0x0000000084000000, 0x0000000100000000)
  region size 1024K, 15 young (15360K), 2 survivors (2048K)
 Metaspace       used 35778K, committed 36160K, reserved 1114112K
  class space    used 4026K, committed 4160K, reserved 1048576K
}
Event: 4.363 GC heap after
{Heap after GC invocations=8 (full 0):
 garbage-first heap   total reserved 2031616K, committed 73728K, used 29769K [0x0000000084000000, 0x0000000100000000)
  region size 1024K, 1 young (1024K), 1 survivors (1024K)
 Metaspace       used 35778K, committed 36160K, reserved 1114112K
  class space    used 4026K, committed 4160K, reserved 1048576K
}
Event: 4.947 GC heap before
{Heap before GC invocations=9 (full 0):
 garbage-first heap   total reserved 2031616K, committed 73728K, used 59465K [0x0000000084000000, 0x0000000100000000)
  region size 1024K, 30 young (30720K), 1 survivors (1024K)
 Metaspace       used 42252K, committed 42752K, reserved 1114112K
  class space    used 4687K, committed 4928K, reserved 1048576K
}
Event: 4.950 GC heap after
{Heap after GC invocations=10 (full 0):
 garbage-first heap   total reserved 2031616K, committed 73728K, used 31520K [0x0000000084000000, 0x0000000100000000)
  region size 1024K, 3 young (3072K), 3 survivors (3072K)
 Metaspace       used 42252K, committed 42752K, reserved 1114112K
  class space    used 4687K, committed 4928K, reserved 1048576K
}
Event: 6.901 GC heap before
{Heap before GC invocations=10 (full 0):
 garbage-first heap   total reserved 2031616K, committed 73728K, used 61216K [0x0000000084000000, 0x0000000100000000)
  region size 1024K, 32 young (32768K), 3 survivors (3072K)
 Metaspace       used 50682K, committed 51200K, reserved 1114112K
  class space    used 5612K, committed 5824K, reserved 1048576K
}
Event: 6.909 GC heap after
{Heap after GC invocations=11 (full 0):
 garbage-first heap   total reserved 2031616K, committed 73728K, used 33640K [0x0000000084000000, 0x0000000100000000)
  region size 1024K, 4 young (4096K), 4 survivors (4096K)
 Metaspace       used 50682K, committed 51200K, reserved 1114112K
  class space    used 5612K, committed 5824K, reserved 1048576K
}
Event: 8.154 GC heap before
{Heap before GC invocations=11 (full 0):
 garbage-first heap   total reserved 2031616K, committed 73728K, used 63336K [0x0000000084000000, 0x0000000100000000)
  region size 1024K, 33 young (33792K), 4 survivors (4096K)
 Metaspace       used 58458K, committed 59008K, reserved 1114112K
  class space    used 6556K, committed 6784K, reserved 1048576K
}
Event: 8.161 GC heap after
{Heap after GC invocations=12 (full 0):
 garbage-first heap   total reserved 2031616K, committed 73728K, used 36434K [0x0000000084000000, 0x0000000100000000)
  region size 1024K, 5 young (5120K), 5 survivors (5120K)
 Metaspace       used 58458K, committed 59008K, reserved 1114112K
  class space    used 6556K, committed 6784K, reserved 1048576K
}
Event: 8.407 GC heap before
{Heap before GC invocations=12 (full 0):
 garbage-first heap   total reserved 2031616K, committed 73728K, used 42578K [0x0000000084000000, 0x0000000100000000)
  region size 1024K, 12 young (12288K), 5 survivors (5120K)
 Metaspace       used 60142K, committed 60608K, reserved 1114112K
  class space    used 6786K, committed 6976K, reserved 1048576K
}
Event: 8.413 GC heap after
{Heap after GC invocations=13 (full 0):
 garbage-first heap   total reserved 2031616K, committed 73728K, used 36845K [0x0000000084000000, 0x0000000100000000)
  region size 1024K, 3 young (3072K), 3 survivors (3072K)
 Metaspace       used 60142K, committed 60608K, reserved 1114112K
  class space    used 6786K, committed 6976K, reserved 1048576K
}
Event: 9.714 GC heap before
{Heap before GC invocations=14 (full 0):
 garbage-first heap   total reserved 2031616K, committed 73728K, used 64493K [0x0000000084000000, 0x0000000100000000)
  region size 1024K, 30 young (30720K), 3 survivors (3072K)
 Metaspace       used 65986K, committed 66496K, reserved 1114112K
  class space    used 7362K, committed 7552K, reserved 1048576K
}
Event: 9.718 GC heap after
{Heap after GC invocations=15 (full 0):
 garbage-first heap   total reserved 2031616K, committed 73728K, used 38511K [0x0000000084000000, 0x0000000100000000)
  region size 1024K, 3 young (3072K), 3 survivors (3072K)
 Metaspace       used 65986K, committed 66496K, reserved 1114112K
  class space    used 7362K, committed 7552K, reserved 1048576K
}
Event: 23.416 GC heap before
{Heap before GC invocations=15 (full 0):
 garbage-first heap   total reserved 2031616K, committed 73728K, used 63087K [0x0000000084000000, 0x0000000100000000)
  region size 1024K, 28 young (28672K), 3 survivors (3072K)
 Metaspace       used 72924K, committed 73472K, reserved 1114112K
  class space    used 8232K, committed 8448K, reserved 1048576K
}
Event: 23.421 GC heap after
{Heap after GC invocations=16 (full 0):
 garbage-first heap   total reserved 2031616K, committed 73728K, used 39382K [0x0000000084000000, 0x0000000100000000)
  region size 1024K, 4 young (4096K), 4 survivors (4096K)
 Metaspace       used 72924K, committed 73472K, reserved 1114112K
  class space    used 8232K, committed 8448K, reserved 1048576K
}
Event: 29.740 GC heap before
{Heap before GC invocations=16 (full 0):
 garbage-first heap   total reserved 2031616K, committed 73728K, used 62934K [0x0000000084000000, 0x0000000100000000)
  region size 1024K, 27 young (27648K), 4 survivors (4096K)
 Metaspace       used 74364K, committed 74944K, reserved 1179648K
  class space    used 8409K, committed 8640K, reserved 1048576K
}
Event: 29.747 GC heap after
{Heap after GC invocations=17 (full 0):
 garbage-first heap   total reserved 2031616K, committed 73728K, used 39897K [0x0000000084000000, 0x0000000100000000)
  region size 1024K, 2 young (2048K), 2 survivors (2048K)
 Metaspace       used 74364K, committed 74944K, reserved 1179648K
  class space    used 8409K, committed 8640K, reserved 1048576K
}

